::ffff:127.0.0.1 - - [07/Jul/2018:09:23:55 +0000] "GET / HTTP/1.1" 500 -
::ffff:127.0.0.1 - - [07/Jul/2018:09:24:38 +0000] "GET / HTTP/1.1" 500 -
::ffff:127.0.0.1 - - [07/Jul/2018:09:25:57 +0000] "GET / HTTP/1.1" 500 -
::ffff:127.0.0.1 - - [07/Jul/2018:09:26:00 +0000] "GET / HTTP/1.1" 500 -
::1 - - [07/Jul/2018:09:27:30 +0000] "GET / HTTP/1.1" 200 170
::1 - - [07/Jul/2018:09:27:30 +0000] "GET /stylesheets/style.css HTTP/1.1" 404 160
::1 - - [07/Jul/2018:09:27:52 +0000] "GET /heroes HTTP/1.1" 404 145
::1 - - [07/Jul/2018:09:28:28 +0000] "GET /heroes HTTP/1.1" 500 -
::1 - - [07/Jul/2018:09:29:44 +0000] "GET /heroes HTTP/1.1" - -
::1 - - [07/Jul/2018:09:32:39 +0000] "GET /heroes HTTP/1.1" - -
::1 - - [07/Jul/2018:09:32:44 +0000] "GET /heroes HTTP/1.1" - -
::ffff:127.0.0.1 - - [07/Jul/2018:09:34:06 +0000] "GET /heroes HTTP/1.1" 200 17332
::1 - - [07/Jul/2018:09:34:19 +0000] "GET /heroes HTTP/1.1" 304 -
::1 - - [07/Jul/2018:09:35:21 +0000] "GET /heroes HTTP/1.1" 200 17315
::1 - - [07/Jul/2018:09:37:54 +0000] "GET /heroes HTTP/1.1" 304 -
::1 - - [07/Jul/2018:09:48:02 +0000] "GET /heroes HTTP/1.1" 304 -
::1 - - [07/Jul/2018:09:48:53 +0000] "GET /heroes HTTP/1.1" 304 -
::1 - - [07/Jul/2018:09:49:16 +0000] "GET /heroes HTTP/1.1" 304 -
::1 - - [07/Jul/2018:09:50:12 +0000] "GET /heroes HTTP/1.1" 200 17357
::1 - - [07/Jul/2018:09:53:38 +0000] "GET /heroes HTTP/1.1" 304 -
::1 - - [07/Jul/2018:09:54:08 +0000] "GET /heroes HTTP/1.1" 304 -
::1 - - [07/Jul/2018:09:54:49 +0000] "GET /heroes HTTP/1.1" 200 17332
::1 - - [07/Jul/2018:09:55:13 +0000] "GET /heroes HTTP/1.1" 200 17315
::1 - - [07/Jul/2018:09:56:22 +0000] "GET /heroes HTTP/1.1" - -
::1 - - [07/Jul/2018:09:56:38 +0000] "GET /heroes HTTP/1.1" 200 17357
::1 - - [07/Jul/2018:10:00:02 +0000] "GET /heroes HTTP/1.1" 200 17357
::1 - - [07/Jul/2018:10:01:23 +0000] "GET /heroes HTTP/1.1" 304 -
::1 - - [07/Jul/2018:10:04:17 +0000] "GET /heroes HTTP/1.1" 200 17357
::1 - - [07/Jul/2018:10:13:30 +0000] "GET /heroes HTTP/1.1" 200 13998
::1 - - [07/Jul/2018:10:16:49 +0000] "GET /heroes HTTP/1.1" 304 -
::1 - - [07/Jul/2018:10:20:45 +0000] "GET /heroes HTTP/1.1" 200 17357
::1 - - [07/Jul/2018:10:21:02 +0000] "GET /heroes HTTP/1.1" 304 -
::1 - - [07/Jul/2018:10:21:36 +0000] "GET /heroes HTTP/1.1" 304 -
::1 - - [07/Jul/2018:10:21:54 +0000] "GET /heroes HTTP/1.1" 304 -
::1 - - [07/Jul/2018:10:22:24 +0000] "GET /heroes HTTP/1.1" 304 -
::1 - - [07/Jul/2018:10:23:13 +0000] "GET /heroes HTTP/1.1" 304 -
::1 - - [07/Jul/2018:10:24:27 +0000] "GET /heroes HTTP/1.1" 304 -
::1 - - [07/Jul/2018:10:31:16 +0000] "GET /heroes HTTP/1.1" 200 18071
::1 - - [07/Jul/2018:10:31:54 +0000] "GET /heroes HTTP/1.1" 200 17242
::1 - - [07/Jul/2018:10:32:10 +0000] "GET /heroes HTTP/1.1" 200 17357
::1 - - [07/Jul/2018:11:36:42 +0000] "GET /heroes HTTP/1.1" 200 5004
::1 - - [07/Jul/2018:11:37:00 +0000] "GET /heroes HTTP/1.1" 200 17357
::1 - - [07/Jul/2018:11:37:47 +0000] "GET /heroes HTTP/1.1" 200 5004
::1 - - [07/Jul/2018:11:38:07 +0000] "GET /heroes HTTP/1.1" 304 -
::1 - - [07/Jul/2018:11:38:18 +0000] "GET /heroes HTTP/1.1" 304 -
::1 - - [07/Jul/2018:11:41:07 +0000] "GET /heroes HTTP/1.1" 304 -
::1 - - [07/Jul/2018:11:41:09 +0000] "GET /heroes/a HTTP/1.1" 200 8354
::1 - - [07/Jul/2018:11:41:47 +0000] "GET /heroes HTTP/1.1" 200 5004
::1 - - [07/Jul/2018:11:41:53 +0000] "GET /heroes/1 HTTP/1.1" 200 8354
::1 - - [07/Jul/2018:11:42:07 +0000] "GET /heroes HTTP/1.1" 200 8354
::1 - - [07/Jul/2018:11:42:16 +0000] "GET /heroes HTTP/1.1" 200 8354
::1 - - [07/Jul/2018:11:42:21 +0000] "GET /heroes/a HTTP/1.1" 304 -
::1 - - [07/Jul/2018:11:42:25 +0000] "GET /heroes/a HTTP/1.1" 304 -
::1 - - [07/Jul/2018:11:42:43 +0000] "GET /heroes/a HTTP/1.1" 304 -
::1 - - [07/Jul/2018:11:49:36 +0000] "GET /heroes/1 HTTP/1.1" 500 -
::1 - - [07/Jul/2018:11:54:15 +0000] "GET /heroes/1 HTTP/1.1" - -
::1 - - [07/Jul/2018:11:55:03 +0000] "GET /heroes/1 HTTP/1.1" 200 2
::1 - - [07/Jul/2018:11:55:26 +0000] "GET /heroes/1 HTTP/1.1" 200 2
::1 - - [07/Jul/2018:11:56:02 +0000] "GET /heroes/1 HTTP/1.1" 200 42
::1 - - [07/Jul/2018:12:02:50 +0000] "GET /heroes/1 HTTP/1.1" 200 42
::ffff:127.0.0.1 - - [07/Jul/2018:12:03:44 +0000] "GET / HTTP/1.1" 200 170
::ffff:127.0.0.1 - - [07/Jul/2018:12:03:44 +0000] "GET /stylesheets/style.css HTTP/1.1" 404 160
::ffff:127.0.0.1 - - [07/Jul/2018:12:03:48 +0000] "GET /heroes HTTP/1.1" 304 -
::ffff:127.0.0.1 - - [07/Jul/2018:12:03:54 +0000] "GET /heroes/1 HTTP/1.1" 200 42
::1 - - [07/Jul/2018:12:08:48 +0000] "GET /heroes/a HTTP/1.1" 500 -
::1 - - [07/Jul/2018:12:09:28 +0000] "GET /heroes/a HTTP/1.1" 500 -
::1 - - [07/Jul/2018:12:10:06 +0000] "GET /heroes/a HTTP/1.1" 200 2
::1 - - [07/Jul/2018:12:10:11 +0000] "GET /heroes/1 HTTP/1.1" 304 -
::1 - - [07/Jul/2018:12:10:13 +0000] "GET /heroes HTTP/1.1" 304 -
::1 - - [07/Jul/2018:12:10:46 +0000] "GET /heroes HTTP/1.1" 304 -
::1 - - [07/Jul/2018:12:10:49 +0000] "GET /heroes/23 HTTP/1.1" 200 41
